1659455089.827299 client started (916903): version 3.2a, socket /tmp/tmux-1000/default, protocol 8
1659455089.827362 on Linux 5.15.0-43-generic #46-Ubuntu SMP Tue Jul 12 10:30:17 UTC 2022
1659455089.827377 using libevent 2.1.12-stable (poll); ncurses 6.2
1659455089.827413 flags are 0x10010000
1659455089.827425 socket is /tmp/tmux-1000/default
1659455089.827449 trying connect
1659455089.827583 add peer 0x55f13eff8460: 6 ((nil))
1659455089.828352 sending message 100 to peer 0x55f13eff8460 (4 bytes)
1659455089.828392 sending message 111 to peer 0x55f13eff8460 (8 bytes)
1659455089.828405 sending message 101 to peer 0x55f13eff8460 (15 bytes)
1659455089.828416 sending message 109 to peer 0x55f13eff8460 (4 bytes)
1659455089.828428 sending message 102 to peer 0x55f13eff8460 (12 bytes)
1659455089.828438 sending message 108 to peer 0x55f13eff8460 (32 bytes)
1659455089.828450 sending message 112 to peer 0x55f13eff8460 (58 bytes)
1659455089.828461 sending message 112 to peer 0x55f13eff8460 (5 bytes)
1659455089.828472 sending message 112 to peer 0x55f13eff8460 (5 bytes)
1659455089.828484 sending message 112 to peer 0x55f13eff8460 (6 bytes)
1659455089.828494 sending message 112 to peer 0x55f13eff8460 (6 bytes)
1659455089.828504 sending message 112 to peer 0x55f13eff8460 (11 bytes)
1659455089.828517 sending message 112 to peer 0x55f13eff8460 (10 bytes)
1659455089.828528 sending message 112 to peer 0x55f13eff8460 (13 bytes)
1659455089.828538 sending message 112 to peer 0x55f13eff8460 (14 bytes)
1659455089.828548 sending message 112 to peer 0x55f13eff8460 (19 bytes)
1659455089.828558 sending message 112 to peer 0x55f13eff8460 (11 bytes)
1659455089.828568 sending message 112 to peer 0x55f13eff8460 (10 bytes)
1659455089.828579 sending message 112 to peer 0x55f13eff8460 (15 bytes)
1659455089.828589 sending message 112 to peer 0x55f13eff8460 (21 bytes)
1659455089.828600 sending message 112 to peer 0x55f13eff8460 (13 bytes)
1659455089.828611 sending message 112 to peer 0x55f13eff8460 (7 bytes)
1659455089.828623 sending message 112 to peer 0x55f13eff8460 (13 bytes)
1659455089.828633 sending message 112 to peer 0x55f13eff8460 (7 bytes)
1659455089.828644 sending message 112 to peer 0x55f13eff8460 (13 bytes)
1659455089.828654 sending message 112 to peer 0x55f13eff8460 (9 bytes)
1659455089.828665 sending message 112 to peer 0x55f13eff8460 (21 bytes)
1659455089.828675 sending message 112 to peer 0x55f13eff8460 (13 bytes)
1659455089.828686 sending message 112 to peer 0x55f13eff8460 (9 bytes)
1659455089.828697 sending message 112 to peer 0x55f13eff8460 (16 bytes)
1659455089.828708 sending message 112 to peer 0x55f13eff8460 (13 bytes)
1659455089.828718 sending message 112 to peer 0x55f13eff8460 (9 bytes)
1659455089.828728 sending message 112 to peer 0x55f13eff8460 (9 bytes)
1659455089.828739 sending message 112 to peer 0x55f13eff8460 (12 bytes)
1659455089.828749 sending message 112 to peer 0x55f13eff8460 (8 bytes)
1659455089.828759 sending message 112 to peer 0x55f13eff8460 (8 bytes)
1659455089.828771 sending message 112 to peer 0x55f13eff8460 (13 bytes)
1659455089.828781 sending message 112 to peer 0x55f13eff8460 (7 bytes)
1659455089.828791 sending message 112 to peer 0x55f13eff8460 (7 bytes)
1659455089.828802 sending message 112 to peer 0x55f13eff8460 (9 bytes)
1659455089.828812 sending message 112 to peer 0x55f13eff8460 (9 bytes)
1659455089.828822 sending message 112 to peer 0x55f13eff8460 (15 bytes)
1659455089.828833 sending message 112 to peer 0x55f13eff8460 (13 bytes)
1659455089.828844 sending message 112 to peer 0x55f13eff8460 (12 bytes)
1659455089.828855 sending message 112 to peer 0x55f13eff8460 (8 bytes)
1659455089.828867 sending message 112 to peer 0x55f13eff8460 (14 bytes)
1659455089.828877 sending message 112 to peer 0x55f13eff8460 (11 bytes)
1659455089.828887 sending message 112 to peer 0x55f13eff8460 (9 bytes)
1659455089.828898 sending message 112 to peer 0x55f13eff8460 (10 bytes)
1659455089.828908 sending message 112 to peer 0x55f13eff8460 (10 bytes)
1659455089.828918 sending message 112 to peer 0x55f13eff8460 (10 bytes)
1659455089.828928 sending message 112 to peer 0x55f13eff8460 (10 bytes)
1659455089.828958 sending message 112 to peer 0x55f13eff8460 (11 bytes)
1659455089.828971 sending message 112 to peer 0x55f13eff8460 (12 bytes)
1659455089.828982 sending message 112 to peer 0x55f13eff8460 (12 bytes)
1659455089.828992 sending message 112 to peer 0x55f13eff8460 (12 bytes)
1659455089.829003 sending message 112 to peer 0x55f13eff8460 (12 bytes)
1659455089.829014 sending message 112 to peer 0x55f13eff8460 (12 bytes)
1659455089.829026 sending message 112 to peer 0x55f13eff8460 (11 bytes)
1659455089.829037 sending message 112 to peer 0x55f13eff8460 (11 bytes)
1659455089.829048 sending message 112 to peer 0x55f13eff8460 (12 bytes)
1659455089.829059 sending message 112 to peer 0x55f13eff8460 (12 bytes)
1659455089.829070 sending message 112 to peer 0x55f13eff8460 (12 bytes)
1659455089.829081 sending message 112 to peer 0x55f13eff8460 (12 bytes)
1659455089.829092 sending message 112 to peer 0x55f13eff8460 (12 bytes)
1659455089.829102 sending message 112 to peer 0x55f13eff8460 (9 bytes)
1659455089.829114 sending message 112 to peer 0x55f13eff8460 (12 bytes)
1659455089.829124 sending message 112 to peer 0x55f13eff8460 (13 bytes)
1659455089.829135 sending message 112 to peer 0x55f13eff8460 (13 bytes)
1659455089.829146 sending message 112 to peer 0x55f13eff8460 (13 bytes)
1659455089.829157 sending message 112 to peer 0x55f13eff8460 (13 bytes)
1659455089.829169 sending message 112 to peer 0x55f13eff8460 (13 bytes)
1659455089.829180 sending message 112 to peer 0x55f13eff8460 (8 bytes)
1659455089.829190 sending message 112 to peer 0x55f13eff8460 (11 bytes)
1659455089.829200 sending message 112 to peer 0x55f13eff8460 (11 bytes)
1659455089.829210 sending message 112 to peer 0x55f13eff8460 (11 bytes)
1659455089.829221 sending message 112 to peer 0x55f13eff8460 (12 bytes)
1659455089.829231 sending message 112 to peer 0x55f13eff8460 (12 bytes)
1659455089.829242 sending message 112 to peer 0x55f13eff8460 (12 bytes)
1659455089.829252 sending message 112 to peer 0x55f13eff8460 (12 bytes)
1659455089.829262 sending message 112 to peer 0x55f13eff8460 (13 bytes)
1659455089.829273 sending message 112 to peer 0x55f13eff8460 (13 bytes)
1659455089.829283 sending message 112 to peer 0x55f13eff8460 (13 bytes)
1659455089.829293 sending message 112 to peer 0x55f13eff8460 (8 bytes)
1659455089.829306 sending message 112 to peer 0x55f13eff8460 (13 bytes)
1659455089.829317 sending message 112 to peer 0x55f13eff8460 (13 bytes)
1659455089.829327 sending message 112 to peer 0x55f13eff8460 (13 bytes)
1659455089.829338 sending message 112 to peer 0x55f13eff8460 (13 bytes)
1659455089.829349 sending message 112 to peer 0x55f13eff8460 (13 bytes)
1659455089.829360 sending message 112 to peer 0x55f13eff8460 (12 bytes)
1659455089.829370 sending message 112 to peer 0x55f13eff8460 (12 bytes)
1659455089.829380 sending message 112 to peer 0x55f13eff8460 (12 bytes)
1659455089.829391 sending message 112 to peer 0x55f13eff8460 (12 bytes)
1659455089.829402 sending message 112 to peer 0x55f13eff8460 (13 bytes)
1659455089.829413 sending message 112 to peer 0x55f13eff8460 (8 bytes)
1659455089.829424 sending message 112 to peer 0x55f13eff8460 (13 bytes)
1659455089.829434 sending message 112 to peer 0x55f13eff8460 (13 bytes)
1659455089.829444 sending message 112 to peer 0x55f13eff8460 (13 bytes)
1659455089.829454 sending message 112 to peer 0x55f13eff8460 (13 bytes)
1659455089.829464 sending message 112 to peer 0x55f13eff8460 (13 bytes)
1659455089.829475 sending message 112 to peer 0x55f13eff8460 (13 bytes)
1659455089.829487 sending message 112 to peer 0x55f13eff8460 (13 bytes)
1659455089.829498 sending message 112 to peer 0x55f13eff8460 (12 bytes)
1659455089.829509 sending message 112 to peer 0x55f13eff8460 (12 bytes)
1659455089.829519 sending message 112 to peer 0x55f13eff8460 (12 bytes)
1659455089.829530 sending message 112 to peer 0x55f13eff8460 (8 bytes)
1659455089.829540 sending message 112 to peer 0x55f13eff8460 (12 bytes)
1659455089.829550 sending message 112 to peer 0x55f13eff8460 (13 bytes)
1659455089.829561 sending message 112 to peer 0x55f13eff8460 (13 bytes)
1659455089.829582 sending message 112 to peer 0x55f13eff8460 (13 bytes)
1659455089.829593 sending message 112 to peer 0x55f13eff8460 (13 bytes)
1659455089.829603 sending message 112 to peer 0x55f13eff8460 (13 bytes)
1659455089.829613 sending message 112 to peer 0x55f13eff8460 (13 bytes)
1659455089.829623 sending message 112 to peer 0x55f13eff8460 (13 bytes)
1659455089.829633 sending message 112 to peer 0x55f13eff8460 (13 bytes)
1659455089.829644 sending message 112 to peer 0x55f13eff8460 (12 bytes)
1659455089.829655 sending message 112 to peer 0x55f13eff8460 (10 bytes)
1659455089.829666 sending message 112 to peer 0x55f13eff8460 (12 bytes)
1659455089.829676 sending message 112 to peer 0x55f13eff8460 (12 bytes)
1659455089.829687 sending message 112 to peer 0x55f13eff8460 (12 bytes)
1659455089.829698 sending message 112 to peer 0x55f13eff8460 (13 bytes)
1659455089.829708 sending message 112 to peer 0x55f13eff8460 (13 bytes)
1659455089.829719 sending message 112 to peer 0x55f13eff8460 (13 bytes)
1659455089.829729 sending message 112 to peer 0x55f13eff8460 (13 bytes)
1659455089.829740 sending message 112 to peer 0x55f13eff8460 (13 bytes)
1659455089.829750 sending message 112 to peer 0x55f13eff8460 (13 bytes)
1659455089.829761 sending message 112 to peer 0x55f13eff8460 (13 bytes)
1659455089.829772 sending message 112 to peer 0x55f13eff8460 (10 bytes)
1659455089.829782 sending message 112 to peer 0x55f13eff8460 (13 bytes)
1659455089.829793 sending message 112 to peer 0x55f13eff8460 (12 bytes)
1659455089.829802 sending message 112 to peer 0x55f13eff8460 (12 bytes)
1659455089.829814 sending message 112 to peer 0x55f13eff8460 (12 bytes)
1659455089.829825 sending message 112 to peer 0x55f13eff8460 (10 bytes)
1659455089.829836 sending message 112 to peer 0x55f13eff8460 (10 bytes)
1659455089.829847 sending message 112 to peer 0x55f13eff8460 (10 bytes)
1659455089.829857 sending message 112 to peer 0x55f13eff8460 (12 bytes)
1659455089.829868 sending message 112 to peer 0x55f13eff8460 (13 bytes)
1659455089.829878 sending message 112 to peer 0x55f13eff8460 (13 bytes)
1659455089.829888 sending message 112 to peer 0x55f13eff8460 (13 bytes)
1659455089.829898 sending message 112 to peer 0x55f13eff8460 (13 bytes)
1659455089.829909 sending message 112 to peer 0x55f13eff8460 (13 bytes)
1659455089.829919 sending message 112 to peer 0x55f13eff8460 (10 bytes)
1659455089.829931 sending message 112 to peer 0x55f13eff8460 (11 bytes)
1659455089.829941 sending message 112 to peer 0x55f13eff8460 (12 bytes)
1659455089.829952 sending message 112 to peer 0x55f13eff8460 (12 bytes)
1659455089.829962 sending message 112 to peer 0x55f13eff8460 (12 bytes)
1659455089.829972 sending message 112 to peer 0x55f13eff8460 (12 bytes)
1659455089.829982 sending message 112 to peer 0x55f13eff8460 (12 bytes)
1659455089.829993 sending message 112 to peer 0x55f13eff8460 (11 bytes)
1659455089.830004 sending message 112 to peer 0x55f13eff8460 (12 bytes)
1659455089.830014 sending message 112 to peer 0x55f13eff8460 (12 bytes)
1659455089.830025 sending message 112 to peer 0x55f13eff8460 (13 bytes)
1659455089.830035 sending message 112 to peer 0x55f13eff8460 (13 bytes)
1659455089.830045 sending message 112 to peer 0x55f13eff8460 (13 bytes)
1659455089.830055 sending message 112 to peer 0x55f13eff8460 (13 bytes)
1659455089.830065 sending message 112 to peer 0x55f13eff8460 (13 bytes)
1659455089.830076 sending message 112 to peer 0x55f13eff8460 (10 bytes)
1659455089.830087 sending message 112 to peer 0x55f13eff8460 (9 bytes)
1659455089.830098 sending message 112 to peer 0x55f13eff8460 (12 bytes)
1659455089.830109 sending message 112 to peer 0x55f13eff8460 (13 bytes)
1659455089.830120 sending message 112 to peer 0x55f13eff8460 (13 bytes)
1659455089.830130 sending message 112 to peer 0x55f13eff8460 (13 bytes)
1659455089.830139 sending message 112 to peer 0x55f13eff8460 (13 bytes)
1659455089.830150 sending message 112 to peer 0x55f13eff8460 (13 bytes)
1659455089.830160 sending message 112 to peer 0x55f13eff8460 (9 bytes)
1659455089.830171 sending message 112 to peer 0x55f13eff8460 (12 bytes)
1659455089.830191 sending message 112 to peer 0x55f13eff8460 (13 bytes)
1659455089.830201 sending message 112 to peer 0x55f13eff8460 (13 bytes)
1659455089.830211 sending message 112 to peer 0x55f13eff8460 (13 bytes)
1659455089.830221 sending message 112 to peer 0x55f13eff8460 (13 bytes)
1659455089.830230 sending message 112 to peer 0x55f13eff8460 (13 bytes)
1659455089.830240 sending message 112 to peer 0x55f13eff8460 (11 bytes)
1659455089.830253 sending message 112 to peer 0x55f13eff8460 (12 bytes)
1659455089.830263 sending message 112 to peer 0x55f13eff8460 (13 bytes)
1659455089.830274 sending message 112 to peer 0x55f13eff8460 (13 bytes)
1659455089.830285 sending message 112 to peer 0x55f13eff8460 (13 bytes)
1659455089.830294 sending message 112 to peer 0x55f13eff8460 (13 bytes)
1659455089.830304 sending message 112 to peer 0x55f13eff8460 (13 bytes)
1659455089.830314 sending message 112 to peer 0x55f13eff8460 (11 bytes)
1659455089.830324 sending message 112 to peer 0x55f13eff8460 (12 bytes)
1659455089.830335 sending message 112 to peer 0x55f13eff8460 (12 bytes)
1659455089.830351 sending message 112 to peer 0x55f13eff8460 (12 bytes)
1659455089.830362 sending message 112 to peer 0x55f13eff8460 (12 bytes)
1659455089.830372 sending message 112 to peer 0x55f13eff8460 (12 bytes)
1659455089.830382 sending message 112 to peer 0x55f13eff8460 (21 bytes)
1659455089.830392 sending message 112 to peer 0x55f13eff8460 (12 bytes)
1659455089.830403 sending message 112 to peer 0x55f13eff8460 (9 bytes)
1659455089.830413 sending message 112 to peer 0x55f13eff8460 (6 bytes)
1659455089.830423 sending message 112 to peer 0x55f13eff8460 (13 bytes)
1659455089.830434 sending message 112 to peer 0x55f13eff8460 (10 bytes)
1659455089.830444 sending message 112 to peer 0x55f13eff8460 (24 bytes)
1659455089.830454 sending message 112 to peer 0x55f13eff8460 (13 bytes)
1659455089.830463 sending message 112 to peer 0x55f13eff8460 (9 bytes)
1659455089.830474 sending message 112 to peer 0x55f13eff8460 (70 bytes)
1659455089.830484 sending message 112 to peer 0x55f13eff8460 (69 bytes)
1659455089.830494 sending message 112 to peer 0x55f13eff8460 (12 bytes)
1659455089.830505 sending message 112 to peer 0x55f13eff8460 (10 bytes)
1659455089.830519 sending message 112 to peer 0x55f13eff8460 (10 bytes)
1659455089.830530 sending message 112 to peer 0x55f13eff8460 (24 bytes)
1659455089.830540 sending message 112 to peer 0x55f13eff8460 (13 bytes)
1659455089.830550 sending message 112 to peer 0x55f13eff8460 (10 bytes)
1659455089.830559 sending message 112 to peer 0x55f13eff8460 (10 bytes)
1659455089.830570 sending message 112 to peer 0x55f13eff8460 (10 bytes)
1659455089.830580 sending message 112 to peer 0x55f13eff8460 (13 bytes)
1659455089.830590 sending message 112 to peer 0x55f13eff8460 (15 bytes)
1659455089.830600 sending message 112 to peer 0x55f13eff8460 (5 bytes)
1659455089.830612 sending message 104 to peer 0x55f13eff8460 (0 bytes)
1659455089.830623 sending message 110 to peer 0x55f13eff8460 (0 bytes)
1659455089.830634 sending message 107 to peer 0x55f13eff8460 (4 bytes)
1659455089.830646 sending message 105 to peer 0x55f13eff8460 (20 bytes)
1659455089.830657 sending message 105 to peer 0x55f13eff8460 (54 bytes)
1659455089.830668 sending message 105 to peer 0x55f13eff8460 (51 bytes)
1659455089.830678 sending message 105 to peer 0x55f13eff8460 (23 bytes)
1659455089.830691 sending message 105 to peer 0x55f13eff8460 (11 bytes)
1659455089.830702 sending message 105 to peer 0x55f13eff8460 (52 bytes)
1659455089.830713 sending message 105 to peer 0x55f13eff8460 (86 bytes)
1659455089.830723 sending message 105 to peer 0x55f13eff8460 (73 bytes)
1659455089.830733 sending message 105 to peer 0x55f13eff8460 (17 bytes)
1659455089.830743 sending message 105 to peer 0x55f13eff8460 (18 bytes)
1659455089.830753 sending message 105 to peer 0x55f13eff8460 (28 bytes)
1659455089.830763 sending message 105 to peer 0x55f13eff8460 (22 bytes)
1659455089.830772 sending message 105 to peer 0x55f13eff8460 (21 bytes)
1659455089.830783 sending message 105 to peer 0x55f13eff8460 (22 bytes)
1659455089.830801 sending message 105 to peer 0x55f13eff8460 (17 bytes)
1659455089.830812 sending message 105 to peer 0x55f13eff8460 (23 bytes)
1659455089.830823 sending message 105 to peer 0x55f13eff8460 (30 bytes)
1659455089.830832 sending message 105 to peer 0x55f13eff8460 (27 bytes)
1659455089.830842 sending message 105 to peer 0x55f13eff8460 (24 bytes)
1659455089.830856 sending message 105 to peer 0x55f13eff8460 (20 bytes)
1659455089.830867 sending message 105 to peer 0x55f13eff8460 (23 bytes)
1659455089.830878 sending message 105 to peer 0x55f13eff8460 (21 bytes)
1659455089.830887 sending message 105 to peer 0x55f13eff8460 (25 bytes)
1659455089.830897 sending message 105 to peer 0x55f13eff8460 (20 bytes)
1659455089.830906 sending message 105 to peer 0x55f13eff8460 (14 bytes)
1659455089.830916 sending message 105 to peer 0x55f13eff8460 (54 bytes)
1659455089.830926 sending message 105 to peer 0x55f13eff8460 (26 bytes)
1659455089.830936 sending message 105 to peer 0x55f13eff8460 (30 bytes)
1659455089.830946 sending message 105 to peer 0x55f13eff8460 (26 bytes)
1659455089.830956 sending message 105 to peer 0x55f13eff8460 (50 bytes)
1659455089.830968 sending message 105 to peer 0x55f13eff8460 (205 bytes)
1659455089.830978 sending message 105 to peer 0x55f13eff8460 (36 bytes)
1659455089.830988 sending message 105 to peer 0x55f13eff8460 (19 bytes)
1659455089.830998 sending message 105 to peer 0x55f13eff8460 (30 bytes)
1659455089.831018 sending message 105 to peer 0x55f13eff8460 (76 bytes)
1659455089.831029 sending message 105 to peer 0x55f13eff8460 (15 bytes)
1659455089.831040 sending message 105 to peer 0x55f13eff8460 (8 bytes)
1659455089.831050 sending message 105 to peer 0x55f13eff8460 (19 bytes)
1659455089.831061 sending message 105 to peer 0x55f13eff8460 (47 bytes)
1659455089.831070 sending message 105 to peer 0x55f13eff8460 (22 bytes)
1659455089.831080 sending message 105 to peer 0x55f13eff8460 (20 bytes)
1659455089.831090 sending message 105 to peer 0x55f13eff8460 (18 bytes)
1659455089.831100 sending message 105 to peer 0x55f13eff8460 (26 bytes)
1659455089.831110 sending message 105 to peer 0x55f13eff8460 (46 bytes)
1659455089.831122 sending message 105 to peer 0x55f13eff8460 (35 bytes)
1659455089.831132 sending message 105 to peer 0x55f13eff8460 (14 bytes)
1659455089.831142 sending message 105 to peer 0x55f13eff8460 (52 bytes)
1659455089.831153 sending message 105 to peer 0x55f13eff8460 (11 bytes)
1659455089.831163 sending message 105 to peer 0x55f13eff8460 (17 bytes)
1659455089.831177 sending message 105 to peer 0x55f13eff8460 (35 bytes)
1659455089.831188 sending message 105 to peer 0x55f13eff8460 (16 bytes)
1659455089.831199 sending message 105 to peer 0x55f13eff8460 (29 bytes)
1659455089.831210 sending message 105 to peer 0x55f13eff8460 (126 bytes)
1659455089.831220 sending message 105 to peer 0x55f13eff8460 (24 bytes)
1659455089.831230 sending message 105 to peer 0x55f13eff8460 (62 bytes)
1659455089.831240 sending message 105 to peer 0x55f13eff8460 (31 bytes)
1659455089.831249 sending message 105 to peer 0x55f13eff8460 (15 bytes)
1659455089.831260 sending message 105 to peer 0x55f13eff8460 (52 bytes)
1659455089.831270 sending message 105 to peer 0x55f13eff8460 (23 bytes)
1659455089.831281 sending message 105 to peer 0x55f13eff8460 (24 bytes)
1659455089.831291 sending message 105 to peer 0x55f13eff8460 (18 bytes)
1659455089.831302 sending message 105 to peer 0x55f13eff8460 (58 bytes)
1659455089.831312 sending message 105 to peer 0x55f13eff8460 (21 bytes)
1659455089.831325 sending message 105 to peer 0x55f13eff8460 (11 bytes)
1659455089.831336 sending message 105 to peer 0x55f13eff8460 (16 bytes)
1659455089.831346 sending message 105 to peer 0x55f13eff8460 (109 bytes)
1659455089.831357 sending message 105 to peer 0x55f13eff8460 (27 bytes)
1659455089.831367 sending message 105 to peer 0x55f13eff8460 (11 bytes)
1659455089.831378 sending message 105 to peer 0x55f13eff8460 (8 bytes)
1659455089.831387 sending message 105 to peer 0x55f13eff8460 (32 bytes)
1659455089.831407 sending message 105 to peer 0x55f13eff8460 (1519 bytes)
1659455089.831479 sending message 105 to peer 0x55f13eff8460 (19 bytes)
1659455089.831493 sending message 105 to peer 0x55f13eff8460 (65 bytes)
1659455089.831505 sending message 105 to peer 0x55f13eff8460 (30 bytes)
1659455089.831516 sending message 105 to peer 0x55f13eff8460 (39 bytes)
1659455089.831527 sending message 105 to peer 0x55f13eff8460 (75 bytes)
1659455089.831537 sending message 105 to peer 0x55f13eff8460 (10 bytes)
1659455089.831548 sending message 105 to peer 0x55f13eff8460 (12 bytes)
1659455089.831558 sending message 105 to peer 0x55f13eff8460 (12 bytes)
1659455089.831568 sending message 105 to peer 0x55f13eff8460 (12 bytes)
1659455089.831578 sending message 105 to peer 0x55f13eff8460 (21 bytes)
1659455089.831590 sending message 106 to peer 0x55f13eff8460 (0 bytes)
1659455089.831611 sending message 200 to peer 0x55f13eff8460 (4 bytes)
1659455089.831622 client loop enter
1659455089.884175 peer 0x55f13eff8460 message 303
1659455089.884189 open write file 2 -
1659455089.884195 sending message 305 to peer 0x55f13eff8460 (8 bytes)
1659455089.884204 write check file 2
1659455089.886020 peer 0x55f13eff8460 message 304
1659455089.886032 write 58 to file 2
1659455089.886039 peer 0x55f13eff8460 message 203
1659455089.886042 file 2 58 bytes left
1659455089.886057 write check file 2
1659455089.886062 client loop exit
